<?xml version="1.0" encoding="UTF-8"?>
<testng-results ignored="0" total="2" passed="2" failed="0" skipped="0">
  <reporter-output>
  </reporter-output>
  <suite started-at="2021-11-20T15:12:25 IST" name="Default suite" finished-at="2021-11-20T15:13:00 IST" duration-ms="35615">
    <groups>
    </groups>
    <test started-at="2021-11-20T15:12:25 IST" name="Default test" finished-at="2021-11-20T15:13:00 IST" duration-ms="35615">
      <class name="TestClass.Tovarifyamazon">
        <test-method is-config="true" signature="tolaunchthebrowser()[pri:0, instance:TestClass.Tovarifyamazon@932bc4a]" started-at="2021-11-20T15:12:25 IST" name="tolaunchthebrowser" finished-at="2021-11-20T15:12:29 IST" duration-ms="3911" status="PASS">
          <reporter-output>
          </reporter-output>
        </test-method> <!-- tolaunchthebrowser -->
        <test-method is-config="true" signature="tolaunchapplication()[pri:0, instance:TestClass.Tovarifyamazon@932bc4a]" started-at="2021-11-20T15:12:29 IST" name="tolaunchapplication" finished-at="2021-11-20T15:12:38 IST" duration-ms="8824" status="PASS">
          <reporter-output>
          </reporter-output>
        </test-method> <!-- tolaunchapplication -->
        <test-method signature="verifyloginpage()[pri:0, instance:TestClass.Tovarifyamazon@932bc4a]" started-at="2021-11-20T15:12:38 IST" name="verifyloginpage" finished-at="2021-11-20T15:12:44 IST" duration-ms="6181" status="PASS">
          <reporter-output>
          </reporter-output>
        </test-method> <!-- verifyloginpage -->
        <test-method is-config="true" signature="tologout()[pri:0, instance:TestClass.Tovarifyamazon@932bc4a]" started-at="2021-11-20T15:12:44 IST" name="tologout" finished-at="2021-11-20T15:12:50 IST" duration-ms="5894" status="PASS">
          <reporter-output>
          </reporter-output>
        </test-method> <!-- tologout -->
        <test-method is-config="true" signature="tolaunchapplication()[pri:0, instance:TestClass.Tovarifyamazon@932bc4a]" started-at="2021-11-20T15:12:50 IST" name="tolaunchapplication" finished-at="2021-11-20T15:12:50 IST" duration-ms="706" status="PASS">
          <reporter-output>
          </reporter-output>
        </test-method> <!-- tolaunchapplication -->
        <test-method signature="verifyloginpage()[pri:0, instance:TestClass.Tovarifyamazon@932bc4a]" started-at="2021-11-20T15:12:50 IST" name="verifyloginpage" finished-at="2021-11-20T15:12:55 IST" duration-ms="4936" status="PASS">
          <reporter-output>
          </reporter-output>
        </test-method> <!-- verifyloginpage -->
        <test-method is-config="true" signature="tologout()[pri:0, instance:TestClass.Tovarifyamazon@932bc4a]" started-at="2021-11-20T15:12:55 IST" name="tologout" finished-at="2021-11-20T15:13:00 IST" duration-ms="4816" status="PASS">
          <reporter-output>
          </reporter-output>
        </test-method> <!-- tologout -->
        <test-method is-config="true" signature="alltabclose()[pri:0, instance:TestClass.Tovarifyamazon@932bc4a]" started-at="2021-11-20T15:13:00 IST" name="alltabclose" finished-at="2021-11-20T15:13:00 IST" duration-ms="273" status="PASS">
          <reporter-output>
          </reporter-output>
        </test-method> <!-- alltabclose -->
      </class> <!-- TestClass.Tovarifyamazon -->
    </test> <!-- Default test -->
  </suite> <!-- Default suite -->
</testng-results>
